2024-05-14 18:26:36,633 :INFO :test_e2e :Products name iphone X
2024-05-14 18:26:36,640 :INFO :test_e2e :Products name Samsung Note 8
2024-05-14 18:26:36,648 :INFO :test_e2e :Products name Nokia Edge
2024-05-14 18:26:36,685 :INFO :test_e2e :Products name Blackberry
2024-05-14 18:26:36,747 :INFO :test_e2e :Selected project Nokia Edge is correct
2024-05-14 18:30:10,618 :INFO :test_e2e :Products name iphone X
2024-05-14 18:30:10,627 :INFO :test_e2e :Products name Samsung Note 8
2024-05-14 18:30:10,634 :INFO :test_e2e :Products name Nokia Edge
2024-05-14 18:30:10,667 :INFO :test_e2e :Products name Blackberry
2024-05-14 18:30:10,726 :INFO :test_e2e :Selected project Nokia Edge is correct
2024-05-14 23:23:29,358 :INFO :test_e2e :Products name iphone X
2024-05-14 23:23:29,365 :INFO :test_e2e :Products name Samsung Note 8
2024-05-14 23:23:29,372 :INFO :test_e2e :Products name Nokia Edge
2024-05-14 23:23:29,409 :INFO :test_e2e :Products name Blackberry
2024-05-14 23:23:29,470 :INFO :test_e2e :Selected project Nokia Edge is correct
2024-05-14 23:24:04,532 :INFO :test_e2e :Products name iphone X
2024-05-14 23:24:04,539 :INFO :test_e2e :Products name Samsung Note 8
2024-05-14 23:24:04,547 :INFO :test_e2e :Products name Nokia Edge
2024-05-14 23:24:04,582 :INFO :test_e2e :Products name Blackberry
2024-05-14 23:24:04,641 :INFO :test_e2e :Selected project Nokia Edge is correct
2024-05-23 18:01:23,174 :INFO :test_e2e :Products name iphone X
2024-05-23 18:01:23,184 :INFO :test_e2e :Products name Samsung Note 8
2024-05-23 18:01:23,191 :INFO :test_e2e :Products name Nokia Edge
2024-05-23 18:01:23,223 :INFO :test_e2e :Products name Blackberry
2024-05-23 18:01:23,285 :INFO :test_e2e :Selected project Nokia Edge is correct
2024-05-30 14:34:52,489 :INFO :test_e2e :Products name iphone X
2024-05-30 14:34:52,500 :INFO :test_e2e :Products name Samsung Note 8
2024-05-30 14:34:52,509 :INFO :test_e2e :Products name Nokia Edge
2024-05-30 14:34:52,551 :INFO :test_e2e :Products name Blackberry
2024-05-30 14:34:52,619 :INFO :test_e2e :Selected project Nokia Edge is correct
2024-05-30 14:35:25,865 :INFO :test_e2e :Products name iphone X
2024-05-30 14:35:25,880 :INFO :test_e2e :Products name Samsung Note 8
2024-05-30 14:35:25,889 :INFO :test_e2e :Products name Nokia Edge
2024-05-30 14:35:25,923 :INFO :test_e2e :Products name Blackberry
2024-05-30 14:35:25,989 :INFO :test_e2e :Selected project Nokia Edge is correct
2024-05-30 14:36:13,011 :INFO :test_e2e :Products name iphone X
2024-05-30 14:36:13,024 :INFO :test_e2e :Products name Samsung Note 8
2024-05-30 14:36:13,034 :INFO :test_e2e :Products name Nokia Edge
2024-05-30 14:36:13,072 :INFO :test_e2e :Products name Blackberry
2024-05-30 14:36:13,137 :INFO :test_e2e :Selected project Nokia Edge is correct
2024-06-23 18:44:45,904 :INFO :test_e2e :Products name iphone X
2024-06-23 18:44:46,103 :INFO :test_e2e :Products name Samsung Note 8
2024-06-23 18:44:46,122 :INFO :test_e2e :Products name Nokia Edge
2024-06-23 18:44:48,080 :INFO :test_e2e :Products name Blackberry
2024-06-23 18:44:49,608 :INFO :test_e2e :Selected project Nokia Edge is correct
2024-06-23 18:46:30,486 :INFO :test_e2e :Products name iphone X
2024-06-23 18:46:30,713 :INFO :test_e2e :Products name Samsung Note 8
2024-06-23 18:46:30,743 :INFO :test_e2e :Products name Nokia Edge
2024-06-23 18:46:32,859 :INFO :test_e2e :Products name Blackberry
2024-06-23 18:46:34,290 :INFO :test_e2e :Selected project Nokia Edge is correct
